The system is: Windows - 10.0.16299 - AMD64
Compiling the CXX compiler identification source file "CMakeCXXCompilerId.cpp" succeeded.
Compiler: C:/Strawberry/c/bin/g++.exe 
Build flags: 
Id flags:  

The output was:
0


Compilation of the CXX compiler identification source "CMakeCXXCompilerId.cpp" produced "a.exe"

The CXX compiler identification is GNU, found in "C:/Users/trvan/Documents/TU_Delft/Dreamteam/Software/Tests/Nucleo/BUILD/CMakeFiles/3.10.0-rc4/CompilerIdCXX/a.exe"

Compiling the CXX compiler identification source file "CMakeCXXCompilerId.cpp" succeeded.
Compiler: C:/Strawberry/c/bin/g++.exe 
Build flags: 
Id flags:  

The output was:
0


Compilation of the CXX compiler identification source "CMakeCXXCompilerId.cpp" produced "a.exe"

The CXX compiler identification is GNU, found in "C:/Users/trvan/Documents/TU_Delft/Dreamteam/Software/Tests/Nucleo/BUILD/CMakeFiles/3.10.0-rc4/CompilerIdCXX/a.exe"

Compiling the CXX compiler identification source file "CMakeCXXCompilerId.cpp" succeeded.
Compiler: C:/Strawberry/c/bin/g++.exe 
Build flags: 
Id flags:  

The output was:
0


Compilation of the CXX compiler identification source "CMakeCXXCompilerId.cpp" produced "a.exe"

The CXX compiler identification is GNU, found in "C:/Users/trvan/Documents/TU_Delft/Dreamteam/Software/Tests/Nucleo/BUILD/CMakeFiles/3.10.0-rc4/CompilerIdCXX/a.exe"

